<?xml version="1.0" encoding="UTF-8"?>
<!-- Generated by org.testng.reporters.JUnitReportReporter -->
<testsuite skipped="0" hostname="jeevapriya" name="com.heroku.testcases.TChero001" tests="1" failures="0" timestamp="2020-02-09T00:53:13 IST" time="21.865" errors="0">
  <testcase name="runTChero001" time="21.865" classname="com.heroku.testcases.TChero001"/>
</testsuite> <!-- com.heroku.testcases.TChero001 -->
