<?xml version="1.0" encoding="UTF-8"?>
<!-- Generated by org.testng.reporters.JUnitReportReporter -->
<testsuite skipped="0" hostname="jeevapriya" name="com.heroku.testcases.TChero002" tests="1" failures="0" timestamp="2020-02-09T00:54:28 IST" time="59.525" errors="0">
  <testcase name="runTChero002" time="59.525" classname="com.heroku.testcases.TChero002"/>
</testsuite> <!-- com.heroku.testcases.TChero002 -->
