<?xml version="1.0" encoding="UTF-8"?>
<!-- Generated by org.testng.reporters.JUnitReportReporter -->
<testsuite skipped="0" hostname="jeevapriya" name="com.heroku.testcases.TChero003" tests="1" failures="0" timestamp="2020-02-09T01:21:17 IST" time="94.710" errors="0">
  <testcase name="runTChero003" time="94.710" classname="com.heroku.testcases.TChero003"/>
</testsuite> <!-- com.heroku.testcases.TChero003 -->
